Traceback (most recent call last):
  File "/usr/local/bin/daphne", line 8, in <module>
    sys.exit(CommandLineInterface.entrypoint())
  File "/usr/local/lib/python3.10/dist-packages/daphne/cli.py", line 171, in entrypoint
    cls().run(sys.argv[1:])
  File "/usr/local/lib/python3.10/dist-packages/daphne/cli.py", line 233, in run
    application = import_by_path(args.application)
  File "/usr/local/lib/python3.10/dist-packages/daphne/utils.py", line 17, in import_by_path
    target = importlib.import_module(module_path)
  File "/usr/lib/python3.10/importlib/__init__.py", line 126, in import_module
    return _bootstrap._gcd_import(name[level:], package, level)
  File "<frozen importlib._bootstrap>", line 1050, in _gcd_import
  File "<frozen importlib._bootstrap>", line 1027, in _find_and_load
  File "<frozen importlib._bootstrap>", line 1006, in _find_and_load_unlocked
  File "<frozen importlib._bootstrap>", line 688, in _load_unlocked
  File "<frozen importlib._bootstrap_external>", line 883, in exec_module
  File "<frozen importlib._bootstrap>", line 241, in _call_with_frames_removed
  File "/root/project/chekappbackend_new/./myproject/asgi.py", line 16, in <module>
    application = get_asgi_application()
  File "/usr/local/lib/python3.10/dist-packages/django/core/asgi.py", line 12, in get_asgi_application
    django.setup(set_prefix=False)
  File "/usr/local/lib/python3.10/dist-packages/django/__init__.py", line 24, in setup
    apps.populate(settings.INSTALLED_APPS)
  File "/usr/local/lib/python3.10/dist-packages/django/apps/registry.py", line 91, in populate
    app_config = AppConfig.create(entry)
  File "/usr/local/lib/python3.10/dist-packages/django/apps/config.py", line 193, in create
    import_module(entry)
  File "/usr/lib/python3.10/importlib/__init__.py", line 126, in import_module
    return _bootstrap._gcd_import(name[level:], package, level)
  File "<frozen importlib._bootstrap>", line 1050, in _gcd_import
  File "<frozen importlib._bootstrap>", line 1027, in _find_and_load
  File "<frozen importlib._bootstrap>", line 1004, in _find_and_load_unlocked
ModuleNotFoundError: No module named 'drf_yasg2'
2025-02-07 16:55:21,501 INFO     Starting server at tcp:port=8000:interface=0.0.0.0
2025-02-07 16:55:21,501 INFO     HTTP/2 support not enabled (install the http2 and tls Twisted extras)
2025-02-07 16:55:21,501 INFO     Configuring endpoint tcp:port=8000:interface=0.0.0.0
2025-02-07 16:55:21,501 CRITICAL Listen failure: Couldn't listen on 0.0.0.0:8000: [Errno 98] Address already in use.
2025-02-07 16:57:08,883 INFO     Starting server at tcp:port=8008:interface=0.0.0.0
2025-02-07 16:57:08,883 INFO     HTTP/2 support not enabled (install the http2 and tls Twisted extras)
2025-02-07 16:57:08,883 INFO     Configuring endpoint tcp:port=8008:interface=0.0.0.0
2025-02-07 16:57:08,883 INFO     Listening on TCP address 0.0.0.0:8008
2025-02-07 17:53:32,411 INFO     Starting server at tcp:port=8000:interface=0.0.0.0
2025-02-07 17:53:32,411 INFO     HTTP/2 support not enabled (install the http2 and tls Twisted extras)
2025-02-07 17:53:32,411 INFO     Configuring endpoint tcp:port=8000:interface=0.0.0.0
2025-02-07 17:53:32,412 CRITICAL Listen failure: Couldn't listen on 0.0.0.0:8000: [Errno 98] Address already in use.
2025-02-07 17:53:54,849 INFO     Starting server at tcp:port=8008:interface=0.0.0.0
2025-02-07 17:53:54,849 INFO     HTTP/2 support not enabled (install the http2 and tls Twisted extras)
2025-02-07 17:53:54,849 INFO     Configuring endpoint tcp:port=8008:interface=0.0.0.0
2025-02-07 17:53:54,849 INFO     Listening on TCP address 0.0.0.0:8008
2025-02-08 14:18:46,554 INFO     Starting server at tcp:port=8008:interface=0.0.0.0
2025-02-08 14:18:46,554 INFO     HTTP/2 support not enabled (install the http2 and tls Twisted extras)
2025-02-08 14:18:46,554 INFO     Configuring endpoint tcp:port=8008:interface=0.0.0.0
2025-02-08 14:18:46,554 INFO     Listening on TCP address 0.0.0.0:8008
2025-02-08 14:22:56,889 ERROR    Internal Server Error: /api/accounts/login
Traceback (most recent call last):
  File "/usr/local/lib/python3.10/dist-packages/django/db/backends/utils.py", line 105, in _execute
    return self.cursor.execute(sql, params)
  File "/usr/local/lib/python3.10/dist-packages/django/db/backends/mysql/base.py", line 76, in execute
    return self.cursor.execute(query, args)
  File "/usr/local/lib/python3.10/dist-packages/pymysql/cursors.py", line 153, in execute
    result = self._query(query)
  File "/usr/local/lib/python3.10/dist-packages/pymysql/cursors.py", line 322, in _query
    conn.query(q)
  File "/usr/local/lib/python3.10/dist-packages/pymysql/connections.py", line 558, in query
    self._affected_rows = self._read_query_result(unbuffered=unbuffered)
  File "/usr/local/lib/python3.10/dist-packages/pymysql/connections.py", line 822, in _read_query_result
    result.read()
  File "/usr/local/lib/python3.10/dist-packages/pymysql/connections.py", line 1200, in read
    first_packet = self.connection._read_packet()
  File "/usr/local/lib/python3.10/dist-packages/pymysql/connections.py", line 772, in _read_packet
    packet.raise_for_error()
  File "/usr/local/lib/python3.10/dist-packages/pymysql/protocol.py", line 221, in raise_for_error
    err.raise_mysql_exception(self._data)
  File "/usr/local/lib/python3.10/dist-packages/pymysql/err.py", line 143, in raise_mysql_exception
    raise errorclass(errno, errval)
pymysql.err.OperationalError: (1054, "Unknown column 'accounts_user.project_version' in 'field list'")

The above exception was the direct cause of the following exception:

Traceback (most recent call last):
  File "/usr/local/lib/python3.10/dist-packages/asgiref/sync.py", line 518, in thread_handler
    raise exc_info[1]
  File "/usr/local/lib/python3.10/dist-packages/django/core/handlers/exception.py", line 42, in inner
    response = await get_response(request)
  File "/usr/local/lib/python3.10/dist-packages/django/core/handlers/base.py", line 253, in _get_response_async
    response = await wrapped_callback(
  File "/usr/local/lib/python3.10/dist-packages/django/views/decorators/csrf.py", line 60, in _view_wrapper
    return await view_func(request, *args, **kwargs)
  File "/usr/local/lib/python3.10/dist-packages/adrf/views.py", line 73, in async_dispatch
    response = self.handle_exception(exc)
  File "/usr/local/lib/python3.10/dist-packages/rest_framework/views.py", line 469, in handle_exception
    self.raise_uncaught_exception(exc)
  File "/usr/local/lib/python3.10/dist-packages/rest_framework/views.py", line 480, in raise_uncaught_exception
    raise exc
  File "/usr/local/lib/python3.10/dist-packages/adrf/views.py", line 68, in async_dispatch
    response = await handler(request, *args, **kwargs)
  File "/usr/local/lib/python3.10/dist-packages/adrf/decorators.py", line 45, in handler
    return await func(*args, **kwargs)
  File "/root/project/chekappbackend_new/./accounts/views.py", line 126, in custom_token_obtain_pair_view
    validated_data = serializer.validate()
  File "/root/project/chekappbackend_new/./accounts/serializers.py", line 120, in validate
    user = User.objects.get(unionid=union_id)
  File "/usr/local/lib/python3.10/dist-packages/django/db/models/manager.py", line 87, in manager_method
    return getattr(self.get_queryset(), name)(*args, **kwargs)
  File "/usr/local/lib/python3.10/dist-packages/django/db/models/query.py", line 645, in get
    num = len(clone)
  File "/usr/local/lib/python3.10/dist-packages/django/db/models/query.py", line 382, in __len__
    self._fetch_all()
  File "/usr/local/lib/python3.10/dist-packages/django/db/models/query.py", line 1928, in _fetch_all
    self._result_cache = list(self._iterable_class(self))
  File "/usr/local/lib/python3.10/dist-packages/django/db/models/query.py", line 91, in __iter__
    results = compiler.execute_sql(
  File "/usr/local/lib/python3.10/dist-packages/django/db/models/sql/compiler.py", line 1574, in execute_sql
    cursor.execute(sql, params)
  File "/usr/local/lib/python3.10/dist-packages/django/db/backends/utils.py", line 79, in execute
    return self._execute_with_wrappers(
  File "/usr/local/lib/python3.10/dist-packages/django/db/backends/utils.py", line 92, in _execute_with_wrappers
    return executor(sql, params, many, context)
  File "/usr/local/lib/python3.10/dist-packages/django/db/backends/utils.py", line 100, in _execute
    with self.db.wrap_database_errors:
  File "/usr/local/lib/python3.10/dist-packages/django/db/utils.py", line 91, in __exit__
    raise dj_exc_value.with_traceback(traceback) from exc_value
  File "/usr/local/lib/python3.10/dist-packages/django/db/backends/utils.py", line 105, in _execute
    return self.cursor.execute(sql, params)
  File "/usr/local/lib/python3.10/dist-packages/django/db/backends/mysql/base.py", line 76, in execute
    return self.cursor.execute(query, args)
  File "/usr/local/lib/python3.10/dist-packages/pymysql/cursors.py", line 153, in execute
    result = self._query(query)
  File "/usr/local/lib/python3.10/dist-packages/pymysql/cursors.py", line 322, in _query
    conn.query(q)
  File "/usr/local/lib/python3.10/dist-packages/pymysql/connections.py", line 558, in query
    self._affected_rows = self._read_query_result(unbuffered=unbuffered)
  File "/usr/local/lib/python3.10/dist-packages/pymysql/connections.py", line 822, in _read_query_result
    result.read()
  File "/usr/local/lib/python3.10/dist-packages/pymysql/connections.py", line 1200, in read
    first_packet = self.connection._read_packet()
  File "/usr/local/lib/python3.10/dist-packages/pymysql/connections.py", line 772, in _read_packet
    packet.raise_for_error()
  File "/usr/local/lib/python3.10/dist-packages/pymysql/protocol.py", line 221, in raise_for_error
    err.raise_mysql_exception(self._data)
  File "/usr/local/lib/python3.10/dist-packages/pymysql/err.py", line 143, in raise_mysql_exception
    raise errorclass(errno, errval)
django.db.utils.OperationalError: (1054, "Unknown column 'accounts_user.project_version' in 'field list'")
2025-02-08 14:39:35,408 INFO     Starting server at tcp:port=8008:interface=0.0.0.0
2025-02-08 14:39:35,408 INFO     HTTP/2 support not enabled (install the http2 and tls Twisted extras)
2025-02-08 14:39:35,409 INFO     Configuring endpoint tcp:port=8008:interface=0.0.0.0
2025-02-08 14:39:35,409 INFO     Listening on TCP address 0.0.0.0:8008
2025-02-08 14:51:09,117 WARNING  Unauthorized: /api/accounts/update_project_version
2025-02-08 14:51:49,571 ERROR    Internal Server Error: /api/accounts/update_project_version
Traceback (most recent call last):
  File "/usr/local/lib/python3.10/dist-packages/asgiref/sync.py", line 518, in thread_handler
    raise exc_info[1]
  File "/usr/local/lib/python3.10/dist-packages/django/core/handlers/exception.py", line 42, in inner
    response = await get_response(request)
  File "/usr/local/lib/python3.10/dist-packages/django/core/handlers/base.py", line 253, in _get_response_async
    response = await wrapped_callback(
  File "/usr/local/lib/python3.10/dist-packages/django/views/decorators/csrf.py", line 60, in _view_wrapper
    return await view_func(request, *args, **kwargs)
  File "/usr/local/lib/python3.10/dist-packages/adrf/views.py", line 73, in async_dispatch
    response = self.handle_exception(exc)
  File "/usr/local/lib/python3.10/dist-packages/rest_framework/views.py", line 469, in handle_exception
    self.raise_uncaught_exception(exc)
  File "/usr/local/lib/python3.10/dist-packages/rest_framework/views.py", line 480, in raise_uncaught_exception
    raise exc
  File "/usr/local/lib/python3.10/dist-packages/adrf/views.py", line 68, in async_dispatch
    response = await handler(request, *args, **kwargs)
  File "/usr/local/lib/python3.10/dist-packages/adrf/decorators.py", line 45, in handler
    return await func(*args, **kwargs)
  File "/root/project/chekappbackend_new/./accounts/views.py", line 644, in update_project_version
    project_version_connect, creat = await sync_to_async(ProjectVersion.objects.get_or_create, thread_sensitive=True)(
NameError: name 'ProjectVersion' is not defined
2025-02-08 14:58:13,309 INFO     Starting server at tcp:port=8000:interface=0.0.0.0
2025-02-08 14:58:13,309 INFO     HTTP/2 support not enabled (install the http2 and tls Twisted extras)
2025-02-08 14:58:13,309 INFO     Configuring endpoint tcp:port=8000:interface=0.0.0.0
2025-02-08 14:58:13,310 CRITICAL Listen failure: Couldn't listen on 0.0.0.0:8000: [Errno 98] Address already in use.
2025-02-08 14:58:49,429 INFO     Starting server at tcp:port=8008:interface=0.0.0.0
2025-02-08 14:58:49,429 INFO     HTTP/2 support not enabled (install the http2 and tls Twisted extras)
2025-02-08 14:58:49,430 INFO     Configuring endpoint tcp:port=8008:interface=0.0.0.0
2025-02-08 14:58:49,430 INFO     Listening on TCP address 0.0.0.0:8008
2025-02-08 14:58:57,686 ERROR    Internal Server Error: /api/accounts/update_project_version
Traceback (most recent call last):
  File "/usr/local/lib/python3.10/dist-packages/django/db/models/query.py", line 948, in get_or_create
    return self.get(**kwargs), False
  File "/usr/local/lib/python3.10/dist-packages/django/db/models/query.py", line 649, in get
    raise self.model.DoesNotExist(
accounts.models.UserHistoryHardware.DoesNotExist: UserHistoryHardware matching query does not exist.

During handling of the above exception, another exception occurred:

Traceback (most recent call last):
  File "/usr/local/lib/python3.10/dist-packages/asgiref/sync.py", line 518, in thread_handler
    raise exc_info[1]
  File "/usr/local/lib/python3.10/dist-packages/django/core/handlers/exception.py", line 42, in inner
    response = await get_response(request)
  File "/usr/local/lib/python3.10/dist-packages/django/core/handlers/base.py", line 253, in _get_response_async
    response = await wrapped_callback(
  File "/usr/local/lib/python3.10/dist-packages/django/views/decorators/csrf.py", line 60, in _view_wrapper
    return await view_func(request, *args, **kwargs)
  File "/usr/local/lib/python3.10/dist-packages/adrf/views.py", line 73, in async_dispatch
    response = self.handle_exception(exc)
  File "/usr/local/lib/python3.10/dist-packages/rest_framework/views.py", line 469, in handle_exception
    self.raise_uncaught_exception(exc)
  File "/usr/local/lib/python3.10/dist-packages/rest_framework/views.py", line 480, in raise_uncaught_exception
    raise exc
  File "/usr/local/lib/python3.10/dist-packages/adrf/views.py", line 68, in async_dispatch
    response = await handler(request, *args, **kwargs)
  File "/usr/local/lib/python3.10/dist-packages/adrf/decorators.py", line 45, in handler
    return await func(*args, **kwargs)
  File "/root/project/chekappbackend_new/./accounts/views.py", line 652, in update_project_version
    user_history_hardware_connect, creat = await sync_to_async(UserHistoryHardware.objects.get_or_create, thread_sensitive=True)(
  File "/usr/local/lib/python3.10/dist-packages/asgiref/sync.py", line 468, in __call__
    ret = await asyncio.shield(exec_coro)
  File "/usr/lib/python3.10/concurrent/futures/thread.py", line 58, in run
    result = self.fn(*self.args, **self.kwargs)
  File "/usr/local/lib/python3.10/dist-packages/asgiref/sync.py", line 522, in thread_handler
    return func(*args, **kwargs)
  File "/usr/local/lib/python3.10/dist-packages/django/db/models/manager.py", line 87, in manager_method
    return getattr(self.get_queryset(), name)(*args, **kwargs)
  File "/usr/local/lib/python3.10/dist-packages/django/db/models/query.py", line 955, in get_or_create
    return self.create(**params), True
  File "/usr/local/lib/python3.10/dist-packages/django/db/models/query.py", line 677, in create
    obj = self.model(**kwargs)
  File "/usr/local/lib/python3.10/dist-packages/django/db/models/base.py", line 543, in __init__
    _setattr(self, field.name, rel_obj)
  File "/usr/local/lib/python3.10/dist-packages/django/db/models/fields/related_descriptors.py", line 287, in __set__
    raise ValueError(
ValueError: Cannot assign "UUID('21a70f12-3210-4c94-95e7-7e0d3e881fc0')": "UserHistoryHardware.user" must be a "User" instance.
2025-02-08 15:04:27,070 INFO     Starting server at tcp:port=8008:interface=0.0.0.0
2025-02-08 15:04:27,070 INFO     HTTP/2 support not enabled (install the http2 and tls Twisted extras)
2025-02-08 15:04:27,070 INFO     Configuring endpoint tcp:port=8008:interface=0.0.0.0
2025-02-08 15:04:27,070 INFO     Listening on TCP address 0.0.0.0:8008
2025-02-08 15:04:35,442 ERROR    Internal Server Error: /api/accounts/update_project_version
Traceback (most recent call last):
  File "/usr/local/lib/python3.10/dist-packages/django/db/models/query.py", line 948, in get_or_create
    return self.get(**kwargs), False
  File "/usr/local/lib/python3.10/dist-packages/django/db/models/query.py", line 649, in get
    raise self.model.DoesNotExist(
accounts.models.UserHistoryHardware.DoesNotExist: UserHistoryHardware matching query does not exist.

During handling of the above exception, another exception occurred:

Traceback (most recent call last):
  File "/usr/local/lib/python3.10/dist-packages/asgiref/sync.py", line 518, in thread_handler
    raise exc_info[1]
  File "/usr/local/lib/python3.10/dist-packages/django/core/handlers/exception.py", line 42, in inner
    response = await get_response(request)
  File "/usr/local/lib/python3.10/dist-packages/django/core/handlers/base.py", line 253, in _get_response_async
    response = await wrapped_callback(
  File "/usr/local/lib/python3.10/dist-packages/django/views/decorators/csrf.py", line 60, in _view_wrapper
    return await view_func(request, *args, **kwargs)
  File "/usr/local/lib/python3.10/dist-packages/adrf/views.py", line 73, in async_dispatch
    response = self.handle_exception(exc)
  File "/usr/local/lib/python3.10/dist-packages/rest_framework/views.py", line 469, in handle_exception
    self.raise_uncaught_exception(exc)
  File "/usr/local/lib/python3.10/dist-packages/rest_framework/views.py", line 480, in raise_uncaught_exception
    raise exc
  File "/usr/local/lib/python3.10/dist-packages/adrf/views.py", line 68, in async_dispatch
    response = await handler(request, *args, **kwargs)
  File "/usr/local/lib/python3.10/dist-packages/adrf/decorators.py", line 45, in handler
    return await func(*args, **kwargs)
  File "/root/project/chekappbackend_new/./accounts/views.py", line 652, in update_project_version
    user_history_hardware_connect, creat = await sync_to_async(UserHistoryHardware.objects.get_or_create, thread_sensitive=True)(
  File "/usr/local/lib/python3.10/dist-packages/asgiref/sync.py", line 468, in __call__
    ret = await asyncio.shield(exec_coro)
  File "/usr/lib/python3.10/concurrent/futures/thread.py", line 58, in run
    result = self.fn(*self.args, **self.kwargs)
  File "/usr/local/lib/python3.10/dist-packages/asgiref/sync.py", line 522, in thread_handler
    return func(*args, **kwargs)
  File "/usr/local/lib/python3.10/dist-packages/django/db/models/manager.py", line 87, in manager_method
    return getattr(self.get_queryset(), name)(*args, **kwargs)
  File "/usr/local/lib/python3.10/dist-packages/django/db/models/query.py", line 955, in get_or_create
    return self.create(**params), True
  File "/usr/local/lib/python3.10/dist-packages/django/db/models/query.py", line 677, in create
    obj = self.model(**kwargs)
  File "/usr/local/lib/python3.10/dist-packages/django/db/models/base.py", line 543, in __init__
    _setattr(self, field.name, rel_obj)
  File "/usr/local/lib/python3.10/dist-packages/django/db/models/fields/related_descriptors.py", line 287, in __set__
    raise ValueError(
ValueError: Cannot assign "UUID('21a70f12-3210-4c94-95e7-7e0d3e881fc0')": "UserHistoryHardware.user" must be a "User" instance.
2025-02-08 15:10:58,996 INFO     Starting server at tcp:port=8008:interface=0.0.0.0
2025-02-08 15:10:58,997 INFO     HTTP/2 support not enabled (install the http2 and tls Twisted extras)
2025-02-08 15:10:58,997 INFO     Configuring endpoint tcp:port=8008:interface=0.0.0.0
2025-02-08 15:10:58,997 INFO     Listening on TCP address 0.0.0.0:8008
2025-02-08 15:11:21,442 ERROR    Internal Server Error: /api/accounts/update_project_version
Traceback (most recent call last):
  File "/usr/local/lib/python3.10/dist-packages/django/db/models/query.py", line 948, in get_or_create
    return self.get(**kwargs), False
  File "/usr/local/lib/python3.10/dist-packages/django/db/models/query.py", line 649, in get
    raise self.model.DoesNotExist(
accounts.models.UserHistoryHardware.DoesNotExist: UserHistoryHardware matching query does not exist.

During handling of the above exception, another exception occurred:

Traceback (most recent call last):
  File "/usr/local/lib/python3.10/dist-packages/asgiref/sync.py", line 518, in thread_handler
    raise exc_info[1]
  File "/usr/local/lib/python3.10/dist-packages/django/core/handlers/exception.py", line 42, in inner
    response = await get_response(request)
  File "/usr/local/lib/python3.10/dist-packages/django/core/handlers/base.py", line 253, in _get_response_async
    response = await wrapped_callback(
  File "/usr/local/lib/python3.10/dist-packages/django/views/decorators/csrf.py", line 60, in _view_wrapper
    return await view_func(request, *args, **kwargs)
  File "/usr/local/lib/python3.10/dist-packages/adrf/views.py", line 73, in async_dispatch
    response = self.handle_exception(exc)
  File "/usr/local/lib/python3.10/dist-packages/rest_framework/views.py", line 469, in handle_exception
    self.raise_uncaught_exception(exc)
  File "/usr/local/lib/python3.10/dist-packages/rest_framework/views.py", line 480, in raise_uncaught_exception
    raise exc
  File "/usr/local/lib/python3.10/dist-packages/adrf/views.py", line 68, in async_dispatch
    response = await handler(request, *args, **kwargs)
  File "/usr/local/lib/python3.10/dist-packages/adrf/decorators.py", line 45, in handler
    return await func(*args, **kwargs)
  File "/root/project/chekappbackend_new/./accounts/views.py", line 652, in update_project_version
    user_history_hardware_connect, creat = await sync_to_async(UserHistoryHardware.objects.get_or_create, thread_sensitive=True)(
  File "/usr/local/lib/python3.10/dist-packages/asgiref/sync.py", line 468, in __call__
    ret = await asyncio.shield(exec_coro)
  File "/usr/lib/python3.10/concurrent/futures/thread.py", line 58, in run
    result = self.fn(*self.args, **self.kwargs)
  File "/usr/local/lib/python3.10/dist-packages/asgiref/sync.py", line 522, in thread_handler
    return func(*args, **kwargs)
  File "/usr/local/lib/python3.10/dist-packages/django/db/models/manager.py", line 87, in manager_method
    return getattr(self.get_queryset(), name)(*args, **kwargs)
  File "/usr/local/lib/python3.10/dist-packages/django/db/models/query.py", line 955, in get_or_create
    return self.create(**params), True
  File "/usr/local/lib/python3.10/dist-packages/django/db/models/query.py", line 677, in create
    obj = self.model(**kwargs)
  File "/usr/local/lib/python3.10/dist-packages/django/db/models/base.py", line 543, in __init__
    _setattr(self, field.name, rel_obj)
  File "/usr/local/lib/python3.10/dist-packages/django/db/models/fields/related_descriptors.py", line 287, in __set__
    raise ValueError(
ValueError: Cannot assign "UUID('21a70f12-3210-4c94-95e7-7e0d3e881fc0')": "UserHistoryHardware.user" must be a "User" instance.
2025-02-08 15:13:05,702 INFO     Starting server at tcp:port=8008:interface=0.0.0.0
2025-02-08 15:13:05,702 INFO     HTTP/2 support not enabled (install the http2 and tls Twisted extras)
2025-02-08 15:13:05,702 INFO     Configuring endpoint tcp:port=8008:interface=0.0.0.0
2025-02-08 15:13:05,702 INFO     Listening on TCP address 0.0.0.0:8008
